-------------------------------------------------------------------------------
Test set: com.soecode.lyf.BaseTest
-------------------------------------------------------------------------------
Tests run: 1, Failures: 0, Errors: 1, Skipped: 0, Time elapsed: 0.079 s <<< FAILURE! - in com.soecode.lyf.BaseTest
initializationError(com.soecode.lyf.BaseTest)  Time elapsed: 0.007 s  <<< ERROR!
java.lang.Exception: No runnable methods

