-------------------------------------------------------------------------------
Test set: com.soecode.lyf.dao.BookDaoTest
-------------------------------------------------------------------------------
Tests run: 3, Failures: 0, Errors: 3, Skipped: 0, Time elapsed: 1.981 s <<< FAILURE! - in com.soecode.lyf.dao.BookDaoTest
testQueryById(com.soecode.lyf.dao.BookDaoTest)  Time elapsed: 0.952 s  <<< ERROR!
org.mybatis.spring.MyBatisSystemException: 
nested exception is org.apache.ibatis.exceptions.PersistenceException: 
### Error querying database.  Cause: org.springframework.jdbc.CannotGetJdbcConnectionException: Could not get JDBC Connection; nested exception is java.sql.SQLException: Connections could not be acquired from the underlying database!
### The error may exist in file [E:\Github Repos\springMVCDemo\target\classes\mapper\BookDao.xml]
### The error may involve com.soecode.lyf.dao.BookDao.queryById
### The error occurred while executing a query
### Cause: org.springframework.jdbc.CannotGetJdbcConnectionException: Could not get JDBC Connection; nested exception is java.sql.SQLException: Connections could not be acquired from the underlying database!
	at com.soecode.lyf.dao.BookDaoTest.testQueryById(BookDaoTest.java:17)
Caused by: org.apache.ibatis.exceptions.PersistenceException: 

### Error querying database.  Cause: org.springframework.jdbc.CannotGetJdbcConnectionException: Could not get JDBC Connection; nested exception is java.sql.SQLException: Connections could not be acquired from the underlying database!
### The error may exist in file [E:\Github Repos\springMVCDemo\target\classes\mapper\BookDao.xml]
### The error may involve com.soecode.lyf.dao.BookDao.queryById
### The error occurred while executing a query
### Cause: org.springframework.jdbc.CannotGetJdbcConnectionException: Could not get JDBC Connection; nested exception is java.sql.SQLException: Connections could not be acquired from the underlying database!
	at com.soecode.lyf.dao.BookDaoTest.testQueryById(BookDaoTest.java:17)
Caused by: org.springframework.jdbc.CannotGetJdbcConnectionException: Could not get JDBC Connection; nested exception is java.sql.SQLException: Connections could not be acquired from the underlying database!
	at com.soecode.lyf.dao.BookDaoTest.testQueryById(BookDaoTest.java:17)
Caused by: java.sql.SQLException: Connections could not be acquired from the underlying database!
	at com.soecode.lyf.dao.BookDaoTest.testQueryById(BookDaoTest.java:17)
Caused by: com.mchange.v2.resourcepool.CannotAcquireResourceException: A ResourcePool could not acquire a resource from its primary factory or source.
	at com.soecode.lyf.dao.BookDaoTest.testQueryById(BookDaoTest.java:17)

testQueryAll(com.soecode.lyf.dao.BookDaoTest)  Time elapsed: 0.02 s  <<< ERROR!
org.mybatis.spring.MyBatisSystemException: 
nested exception is org.apache.ibatis.exceptions.PersistenceException: 
### Error querying database.  Cause: org.springframework.jdbc.CannotGetJdbcConnectionException: Could not get JDBC Connection; nested exception is java.sql.SQLException: Connections could not be acquired from the underlying database!
### The error may exist in file [E:\Github Repos\springMVCDemo\target\classes\mapper\BookDao.xml]
### The error may involve com.soecode.lyf.dao.BookDao.queryAll
### The error occurred while executing a query
### Cause: org.springframework.jdbc.CannotGetJdbcConnectionException: Could not get JDBC Connection; nested exception is java.sql.SQLException: Connections could not be acquired from the underlying database!
	at com.soecode.lyf.dao.BookDaoTest.testQueryAll(BookDaoTest.java:23)
Caused by: org.apache.ibatis.exceptions.PersistenceException: 

### Error querying database.  Cause: org.springframework.jdbc.CannotGetJdbcConnectionException: Could not get JDBC Connection; nested exception is java.sql.SQLException: Connections could not be acquired from the underlying database!
### The error may exist in file [E:\Github Repos\springMVCDemo\target\classes\mapper\BookDao.xml]
### The error may involve com.soecode.lyf.dao.BookDao.queryAll
### The error occurred while executing a query
### Cause: org.springframework.jdbc.CannotGetJdbcConnectionException: Could not get JDBC Connection; nested exception is java.sql.SQLException: Connections could not be acquired from the underlying database!
	at com.soecode.lyf.dao.BookDaoTest.testQueryAll(BookDaoTest.java:23)
Caused by: org.springframework.jdbc.CannotGetJdbcConnectionException: Could not get JDBC Connection; nested exception is java.sql.SQLException: Connections could not be acquired from the underlying database!
	at com.soecode.lyf.dao.BookDaoTest.testQueryAll(BookDaoTest.java:23)
Caused by: java.sql.SQLException: Connections could not be acquired from the underlying database!
	at com.soecode.lyf.dao.BookDaoTest.testQueryAll(BookDaoTest.java:23)
Caused by: com.mchange.v2.resourcepool.CannotAcquireResourceException: A ResourcePool could not acquire a resource from its primary factory or source.
	at com.soecode.lyf.dao.BookDaoTest.testQueryAll(BookDaoTest.java:23)

testReduceNumber(com.soecode.lyf.dao.BookDaoTest)  Time elapsed: 0.989 s  <<< ERROR!
org.mybatis.spring.MyBatisSystemException: 
nested exception is org.apache.ibatis.exceptions.PersistenceException: 
### Error updating database.  Cause: org.springframework.jdbc.CannotGetJdbcConnectionException: Could not get JDBC Connection; nested exception is java.sql.SQLException: Connections could not be acquired from the underlying database!
### Cause: org.springframework.jdbc.CannotGetJdbcConnectionException: Could not get JDBC Connection; nested exception is java.sql.SQLException: Connections could not be acquired from the underlying database!
	at com.soecode.lyf.dao.BookDaoTest.testReduceNumber(BookDaoTest.java:32)
Caused by: org.apache.ibatis.exceptions.PersistenceException: 

### Error updating database.  Cause: org.springframework.jdbc.CannotGetJdbcConnectionException: Could not get JDBC Connection; nested exception is java.sql.SQLException: Connections could not be acquired from the underlying database!
### Cause: org.springframework.jdbc.CannotGetJdbcConnectionException: Could not get JDBC Connection; nested exception is java.sql.SQLException: Connections could not be acquired from the underlying database!
	at com.soecode.lyf.dao.BookDaoTest.testReduceNumber(BookDaoTest.java:32)
Caused by: org.springframework.jdbc.CannotGetJdbcConnectionException: Could not get JDBC Connection; nested exception is java.sql.SQLException: Connections could not be acquired from the underlying database!
	at com.soecode.lyf.dao.BookDaoTest.testReduceNumber(BookDaoTest.java:32)
Caused by: java.sql.SQLException: Connections could not be acquired from the underlying database!
	at com.soecode.lyf.dao.BookDaoTest.testReduceNumber(BookDaoTest.java:32)
Caused by: com.mchange.v2.resourcepool.CannotAcquireResourceException: A ResourcePool could not acquire a resource from its primary factory or source.
	at com.soecode.lyf.dao.BookDaoTest.testReduceNumber(BookDaoTest.java:32)

